CU 0100512 
CU 0100513 
CU 0101446 
CU 0101447 
CU 0101510 
CU 0101511 
CU 0100515 
CU 0101448 
CU 0101513 
CU 0101514 
CU 0100787 
CU 0101516 
CU 0101517 
CU 0101519 
CU 0101090 
CU 0100096 
CU 0101092 
CU 0100920 
CU 0100922 
CU 0100924 
CU 0101098 
CU 0100927 
CU 0101164 
CU 0100168 
CU 0101165 
CU 0100169 
CU 0101232 
CU 0100300 
CU 0101234 
CU 0100302 
CU 0101300 
CU 0101239 
CU 0101572 
CU 0101305 
CU 0100640 
CU 0101306 
CU 0101575 
CU 0100579 
CU 0101309 
CU 0100644 
CU 0100645 
CU 0101578 
CU 0101579 
CU 0100712 
CU 0100981 
CU 0100984 
CU 0100986 
CU 0100021 
CU 0101020 
CU 0102170 
CU 0100989 
CU 0101022 
CU 0101291 
CU 0101292 
CU 0101024 
CU 0101025 
CU 0101294 
CU 0101295 
CU 0101296 
CU 0100362 
CU 0100365 
CU 0101362 
CU 0101365 
CU 0101430 
CU 0101431 
CU 0101432 
CU 0101433 
CU 0101439 
CU 0100840 
CU 0101507 
CU 0100085 
CU 0100845 
CU 0101081 
CU 0101082 
CU 0101085 
CU 0101086 
CU 0101910 
CU 0101151 
CU 0100915 
CU 0101153 
CU 0100917 
CU 0101154 
CU 0100222 
CU 0101221 
CU 0101222 
CU 0101223 
CU 0100494 
CU 0100228 
CU 0101494 
CU 0101227 
CU 0101228 
CU 0101497 
CU 0101498 
CU 0101562 
CU 0101565 
CU 0100633 
CU 0101566 
CU 0100639 
CU 0100971 
CU 0100708 
CU 0100709 
CU 0100979 
CU 0101011 
CU 0101013 
CU 0101014 
CU 0102926 
CU 0101284 
CU 0101350 
CU 0101289 
CU 0101352 
CU 0101353 
CU 0101354 
CU 0101356 
CU 0101357 
CU 0100424 
CU 0101423 
CU 0101424 
CU 0101425 
CU 0100760 
CU 0100698 
CU 0100762 
CU 0101428 
CU 0100699 
CU 0100768 
CU 0101072 
CU 0100076 
CU 0101075 
CU 0101140 
CU 0100908 
CU 0101144 
CU 0101145 
CU 0101146 
CU 0101147 
CU 0101148 
CU 0100216 
CU 0101149 
CU 0101481 
CU 0101213 
CU 0100218 
CU 0101483 
CU 0101216 
CU 0101484 
CU 0101219 
CU 0101550 
CU 0101551 
CU 0101552 
CU 0101553 
CU 0100890 
CU 0100891 
CU 0101620 
CU 0101559 
CU 0101622 
CU 0101623 
CU 0101626 
CU 0100898 
CU 0100962 
CU 0100964 
CU 0102083 
CU 0101270 
CU 0101004 
CU 0101273 
CU 0101276 
CU 0101277 
CU 0101341 
CU 0101342 
CU 0101279 
CU 0100410 
CU 0101344 
CU 0100680 
CU 0100413 
CU 0101347 
CU 0101410 
CU 0100414 
CU 0100682 
CU 0100685 
CU 0101415 
CU 0101416 
CU 0102566 
CU 0100753 
CU 0101419 
CU 0100757 
CU 0101061 
CU 0101823 
CU 0101065 
CU 0101130 
CU 0101131 
CU 0101068 
CU 0100200 
CU 0101134 
CU 0101200 
CU 0101137 
CU 0101138 
CU 0101201 
CU 0101470 
CU 0101471 
CU 0101203 
CU 0100474 
CU 0100540 
CU 0101474 
CU 0101475 
CU 0101209 
CU 0101476 
CU 0100543 
CU 0101540 
CU 0100544 
CU 0101541 
CU 0101479 
CU 0101543 
CU 0101544 
CU 0101545 
CU 0100880 
CU 0101546 
CU 0101547 
CU 0101610 
CU 0100882 
CU 0101548 
CU 0100883 
CU 0101549 
CU 0101615 
CU 0100887 
CU 0101616 
CU 0101617 
CU 0101618 
CU 0100889 
CU 0100192 
CU 0101619 
CU 0101190 
CU 0101191 
CU 0100958 
CU 0100261 
CU 0101194 
CU 0101263 
CU 0101199 
CU 0100267 
CU 0101264 
CU 0101265 
CU 0100269 
CU 0101266 
CU 0101267 
CU 0101330 
CU 0100334 
CU 0101331 
CU 0101269 
CU 0101332 
CU 0100338 
CU 0101337 
CU 0100671 
CU 0101401 
CU 0101402 
CU 0101403 
CU 0101404 
CU 0102555 
CU 0101406 
CU 0101409 
CU 0101057 
CU 0101121 
CU 0101058 
CU 0100126 
CU 0101392 
CU 0101125 
CU 0101126 
CU 0100397 
CU 0100462 
CU 0101129 
CU 0101461 
CU 0101462 
CU 0101463 
CU 0101467 
CU 0101531 
CU 0101601 
CU 0100873 
CU 0101539 
CU 0100874 
CU 0101604 
CU 0101605 
CU 0100878 
CU 0101607 
CU 0101608 
CU 0100944 
CU 0100945 
CU 0100250 
CU 0100187 
CU 0101184 
CU 0101251 
CU 0101188 
CU 0101253 
CU 0101321 
CU 0101322 
CU 0100327 
CU 0101324 
CU 0101593 
CU 0100596 
CU 0101328 
CU 0100599 
CU 0100663 
CU 0101329 
CU 0100737 
CU 0100046 
CU 0103075 
CU 0100111 
CU 0101046 
CU 0100114 
CU 0101111 
CU 0101112 
CU 0101049 
CU 0101381 
CU 0101113 
CU 0100119 
CU 0101384 
CU 0101116 
CU 0101117 
CU 0100451 
CU 0101385 
CU 0101118 
CU 0100452 
CU 0100453 
CU 0101389 
CU 0100456 
CU 0103217 
CU 0101454 
CU 0101456 
CU 0100791 
CU 0101457 
CU 0101520 
CU 0101522 
CU 0101523 
CU 0100528 
CU 0101526 
CU 0100798 
CU 0100934 
CU 0100935 
CU 0101172 
CU 0100939 
CU 0101242 
CU 0101243 
CU 0100249 
CU 0101246 
CU 0100581 
CU 0101310 
CU 0101311 
CU 0101581 
CU 0101314 
CU 0101582 
CU 0101315 
CU 0101584 
CU 0101317 
CU 0100588 
CU 0101318 
CU 0101319 
CU 0100722 
CU 0100991 
CU 0100724 
CU 0100993 
CU 0100030 
CU 0100996 
CU 0100997 
CU 0101030 
CU 0101031 
CU 0100034 
CU 0101032 
CU 0101034 
CU 0100371 
CU 0101036 
CU 0101100 
CU 0101039 
CU 0101104 
CU 0101105 
CU 0100109 
CU 0101374 
CU 0102320 
CU 0101376 
CU 0101441 
CU 0100445 
